<?xml version="1.0" encoding="UTF-8"?>
<!-- Generated by org.testng.reporters.JUnitReportReporter -->
<testsuite hostname="DESKTOP-ETV6F6R" failures="0" tests="3" name="com.bankingTestCases.TC_Login_01" time="15.387" errors="0" timestamp="2024-03-16T22:10:05 GMT-07:00" skipped="0">
  <testcase classname="com.bankingTestCases.TC_Login_01" name="LoginTest" time="4.882"/>
  <testcase classname="com.bankingTestCases.TC_Login_01" name="LoginTest" time="3.677"/>
  <testcase classname="com.bankingTestCases.TC_Login_01" name="LoginTest" time="6.828"/>
</testsuite> <!-- com.bankingTestCases.TC_Login_01 -->
