<?xml version="1.0" encoding="UTF-8"?>
<!-- Generated by org.testng.reporters.JUnitReportReporter -->
<testsuite hostname="DESKTOP-ETV6F6R" failures="0" tests="3" name="com.OrangeHrmTestCases.TC_Login_01" time="18.313" errors="0" timestamp="2024-03-27T22:18:36 GMT-07:00" skipped="0">
  <testcase classname="com.OrangeHrmTestCases.TC_Login_01" name="LoginTest" time="5.015"/>
  <testcase classname="com.OrangeHrmTestCases.TC_Login_01" name="LoginTest" time="4.103"/>
  <testcase classname="com.OrangeHrmTestCases.TC_Login_01" name="LoginTest" time="9.195"/>
</testsuite> <!-- com.OrangeHrmTestCases.TC_Login_01 -->
