<?xml version="1.0" encoding="UTF-8"?>
<!-- Generated by org.testng.reporters.JUnitReportReporter -->
<testsuite hostname="DESKTOP-ETV6F6R" failures="0" tests="3" name="com.bankingTestCases.TC_Login_01" time="15.115" errors="0" timestamp="2024-03-18T05:23:05 GMT-07:00" skipped="0">
  <testcase classname="com.bankingTestCases.TC_Login_01" name="LoginTest" time="5.811"/>
  <testcase classname="com.bankingTestCases.TC_Login_01" name="LoginTest" time="4.879"/>
  <testcase classname="com.bankingTestCases.TC_Login_01" name="LoginTest" time="4.425"/>
</testsuite> <!-- com.bankingTestCases.TC_Login_01 -->
